<?xml version="1.0" encoding="UTF-8"?>
<testng-results ignored="0" total="1" passed="1" failed="0" skipped="0">
  <reporter-output>
  </reporter-output>
  <suite started-at="2025-10-30T15:24:33 IST" name="Surefire suite" finished-at="2025-10-30T15:25:05 IST" duration-ms="31814">
    <groups>
    </groups>
    <test started-at="2025-10-30T15:24:33 IST" name="Surefire test" finished-at="2025-10-30T15:25:05 IST" duration-ms="31814">
      <class name="practise.DDTmavn">
        <test-method signature="abc()[pri:0, instance:practise.DDTmavn@7f010382]" started-at="2025-10-30T15:24:33 IST" name="abc" finished-at="2025-10-30T15:25:05 IST" duration-ms="31777" status="PASS">
          <reporter-output>
          </reporter-output>
        </test-method> <!-- abc -->
      </class> <!-- practise.DDTmavn -->
    </test> <!-- Surefire test -->
  </suite> <!-- Surefire suite -->
</testng-results>
