<?xml version="1.0" encoding="UTF-8"?>
<testng-results ignored="0" total="1" passed="1" failed="0" skipped="0">
  <reporter-output>
  </reporter-output>
  <suite started-at="2025-10-31T16:13:51 IST" name="Default suite" finished-at="2025-10-31T16:14:33 IST" duration-ms="42140">
    <groups>
    </groups>
    <test started-at="2025-10-31T16:13:51 IST" name="Default test" finished-at="2025-10-31T16:14:33 IST" duration-ms="42140">
      <class name="practise.DDTjson">
        <test-method signature="abcd()[pri:0, instance:practise.DDTjson@7c6908d7]" started-at="2025-10-31T16:13:51 IST" name="abcd" finished-at="2025-10-31T16:14:33 IST" duration-ms="42084" status="PASS">
          <reporter-output>
          </reporter-output>
        </test-method> <!-- abcd -->
      </class> <!-- practise.DDTjson -->
    </test> <!-- Default test -->
  </suite> <!-- Default suite -->
</testng-results>
